\BOOKMARK [1][-]{section.1}{\376\377\137\025\212\000}{}% 1
\BOOKMARK [2][-]{subsection.1.1}{\376\377\170\024\172\166\200\314\146\157}{section.1}% 2
\BOOKMARK [2][-]{subsection.1.2}{\376\377\170\024\172\166\166\356\150\007}{section.1}% 3
\BOOKMARK [2][-]{subsection.1.3}{\376\377\142\245\124\112\176\323\147\204}{section.1}% 4
\BOOKMARK [1][-]{section.2}{\376\377\145\160\143\156\143\317\217\360}{}% 5
\BOOKMARK [2][-]{subsection.2.1}{\376\377\145\160\143\156\147\145\156\220}{section.2}% 6
\BOOKMARK [2][-]{subsection.2.2}{\376\377\162\171\137\201\213\364\146\016}{section.2}% 7
\BOOKMARK [2][-]{subsection.2.3}{\376\377\166\356\150\007\123\330\221\317\122\006\136\003}{section.2}% 8
\BOOKMARK [1][-]{section.3}{\376\377\145\160\143\156\156\005\155\027}{}% 9
\BOOKMARK [2][-]{subsection.3.1}{\376\377\177\072\131\061\120\074\150\300\147\345}{section.3}% 10
\BOOKMARK [2][-]{subsection.3.2}{\376\377\221\315\131\015\120\074\150\300\147\345}{section.3}% 11
\BOOKMARK [2][-]{subsection.3.3}{\376\377\137\002\136\070\120\074\150\300\155\113\116\016\131\004\164\006}{section.3}% 12
\BOOKMARK [2][-]{subsection.3.4}{\376\377\145\160\143\156\174\173\127\213\150\300\147\345}{section.3}% 13
\BOOKMARK [1][-]{section.4}{\376\377\143\242\175\042\140\047\145\160\143\156\122\006\147\220}{}% 14
\BOOKMARK [2][-]{subsection.4.1}{\376\377\145\160\120\074\162\171\137\201\122\006\136\003}{section.4}% 15
\BOOKMARK [2][-]{subsection.4.2}{\376\377\122\006\174\173\162\171\137\201\122\006\147\220}{section.4}% 16
\BOOKMARK [2][-]{subsection.4.3}{\376\377\166\370\121\163\140\047\122\006\147\220}{section.4}% 17
\BOOKMARK [2][-]{subsection.4.4}{\376\377\000E\000D\000A\140\073\176\323}{section.4}% 18
\BOOKMARK [1][-]{section.5}{\376\377\170\024\172\166\145\271\154\325}{}% 19
\BOOKMARK [2][-]{subsection.5.1}{\376\377\145\160\143\156\230\204\131\004\164\006}{section.5}% 20
\BOOKMARK [2][-]{subsection.5.2}{\376\377\152\041\127\213\220\011\142\351}{section.5}% 21
\BOOKMARK [2][-]{subsection.5.3}{\376\377\213\304\117\060\143\007\150\007}{section.5}% 22
\BOOKMARK [2][-]{subsection.5.4}{\376\377\116\244\123\311\232\214\213\301\116\016\215\205\123\302\145\160\214\003\117\030}{section.5}% 23
\BOOKMARK [1][-]{section.6}{\376\377\133\236\232\214\176\323\147\234}{}% 24
\BOOKMARK [2][-]{subsection.6.1}{\376\377\116\244\123\311\232\214\213\301\213\304\117\060\377\010\214\003\123\302\122\115\377\011}{section.6}% 25
\BOOKMARK [2][-]{subsection.6.2}{\376\377\215\205\123\302\145\160\214\003\117\030\176\323\147\234}{section.6}% 26
\BOOKMARK [2][-]{subsection.6.3}{\376\377\155\113\213\325\226\306\147\000\176\310\213\304\117\060}{section.6}% 27
\BOOKMARK [2][-]{subsection.6.4}{\376\377\150\070\137\303\123\321\163\260}{section.6}% 28
\BOOKMARK [1][-]{section.7}{\376\377\152\041\127\213\133\371\153\324\122\006\147\220}{}% 29
\BOOKMARK [2][-]{subsection.7.1}{\376\377\150\070\137\303\225\356\230\230\377\032\116\072\116\300\116\110\220\073\217\221\126\336\137\122\117\030\116\216\000X\000G\000B\000o\000o\000s\000t\377\037}{section.7}% 30
\BOOKMARK [3][-]{subsubsection.7.1.1}{\376\377\150\067\147\054\221\317\226\120\122\066}{subsection.7.1}% 31
\BOOKMARK [3][-]{subsubsection.7.1.2}{\376\377\145\160\143\156\166\204\176\277\140\047\123\357\122\006\140\047}{subsection.7.1}% 32
\BOOKMARK [3][-]{subsubsection.7.1.3}{\376\377\176\364\136\246\160\176\226\276}{subsection.7.1}% 33
\BOOKMARK [3][-]{subsubsection.7.1.4}{\376\377\153\143\122\031\123\026\135\356\137\002}{subsection.7.1}% 34
\BOOKMARK [3][-]{subsubsection.7.1.5}{\376\377\116\064\136\212\141\017\116\111\377\032\123\354\126\336\163\207\166\204\221\315\211\201\140\047}{subsection.7.1}% 35
\BOOKMARK [2][-]{subsection.7.2}{\376\377\133\371\153\324\140\073\176\323}{section.7}% 36
\BOOKMARK [1][-]{section.8}{\376\377\000S\000H\000A\000P\123\357\211\343\221\312\140\047\122\006\147\220}{}% 37
\BOOKMARK [2][-]{subsection.8.1}{\376\377\145\271\154\325\173\200\116\313}{section.8}% 38
\BOOKMARK [2][-]{subsection.8.2}{\376\377\000S\000H\000A\000P\162\171\137\201\221\315\211\201\140\047}{section.8}% 39
\BOOKMARK [2][-]{subsection.8.3}{\376\377\000S\000H\000A\000P\151\202\211\201\126\376\211\343\213\373}{section.8}% 40
\BOOKMARK [1][-]{section.9}{\376\377\176\323\213\272}{}% 41
\BOOKMARK [2][-]{subsection.9.1}{\376\377\135\345\117\134\140\073\176\323}{section.9}% 42
\BOOKMARK [2][-]{subsection.9.2}{\376\377\150\070\137\303\176\323\213\272}{section.9}% 43
\BOOKMARK [2][-]{subsection.9.3}{\376\377\170\024\172\166\134\100\226\120\116\016\147\052\147\145\134\125\147\033}{section.9}% 44
